<?xml version="1.0" encoding="UTF-8"?>
<!-- Generated by org.testng.reporters.JUnitReportReporter -->
<testsuite skipped="0" hostname="DESKTOP-TKHS2O9" name="com.testng.Annotations" tests="2" failures="0" timestamp="2022-04-02T12:31:24 IST" time="0.016" errors="0">
  <testcase name="children" time="0.016" classname="com.testng.Annotations"/>
  <system-out/>
  <testcase name="women" time="0.000" classname="com.testng.Annotations"/>
  <system-out/>
</testsuite> <!-- com.testng.Annotations -->
