<?xml version="1.0" encoding="UTF-8"?>
<!-- Generated by org.testng.reporters.JUnitReportReporter -->
<testsuite skipped="0" hostname="DESKTOP-TKHS2O9" name="com.testng.DataProviderrr" tests="4" failures="0" timestamp="2022-04-01T07:27:25 IST" time="0.005" errors="0">
  <testcase name="credentials" time="0.001" classname="com.testng.DataProviderrr"/>
  <system-out/>
  <testcase name="credentials" time="0.001" classname="com.testng.DataProviderrr"/>
  <system-out/>
  <testcase name="credentials" time="0.001" classname="com.testng.DataProviderrr"/>
  <system-out/>
  <testcase name="credentials" time="0.002" classname="com.testng.DataProviderrr"/>
  <system-out/>
</testsuite> <!-- com.testng.DataProviderrr -->
