<?xml version="1.0" encoding="UTF-8"?>
<!-- Generated by org.testng.reporters.JUnitReportReporter -->
<testsuite skipped="0" hostname="DESKTOP-TKHS2O9" name="com.testng.Annotations" tests="2" failures="0" timestamp="2022-04-01T07:27:25 IST" time="0.008" errors="0">
  <testcase name="women" time="0.002" classname="com.testng.Annotations"/>
  <system-out/>
  <testcase name="children" time="0.006" classname="com.testng.Annotations"/>
  <system-out/>
</testsuite> <!-- com.testng.Annotations -->
