<?xml version="1.0" encoding="UTF-8"?>
<!-- Generated by org.testng.reporters.JUnitReportReporter -->
<testsuite skipped="0" hostname="DESKTOP-TKHS2O9" name="com.testng.ExpectedExceptionnn" tests="1" failures="0" timestamp="2022-04-01T07:27:25 IST" time="0.001" errors="0">
  <testcase name="calculator" time="0.001" classname="com.testng.ExpectedExceptionnn"/>
  <system-out/>
</testsuite> <!-- com.testng.ExpectedExceptionnn -->
