<?xml version="1.0" encoding="UTF-8"?>
<!-- Generated by org.testng.reporters.JUnitReportReporter -->
<testsuite skipped="0" hostname="DESKTOP-TKHS2O9" name="com.automation.RunnerClass_TestNG" tests="9" failures="0" timestamp="2022-04-01T15:17:14 IST" time="62.189" errors="0">
  <testcase name="urlLaunchDetails" time="7.131" classname="com.automation.RunnerClass_TestNG"/>
  <system-out/>
  <testcase name="homePageDetails" time="8.066" classname="com.automation.RunnerClass_TestNG"/>
  <system-out/>
  <testcase name="loginPageDetails" time="0.287" classname="com.automation.RunnerClass_TestNG"/>
  <system-out/>
  <testcase name="personalInformationDetails" time="14.755" classname="com.automation.RunnerClass_TestNG"/>
  <system-out/>
  <testcase name="cotegoryPageDetails" time="4.179" classname="com.automation.RunnerClass_TestNG"/>
  <system-out/>
  <testcase name="productPageDetails" time="14.207" classname="com.automation.RunnerClass_TestNG"/>
  <system-out/>
  <testcase name="orderPageDetails" time="7.163" classname="com.automation.RunnerClass_TestNG"/>
  <system-out/>
  <testcase name="paymentPageDetails" time="1.721" classname="com.automation.RunnerClass_TestNG"/>
  <system-out/>
  <testcase name="configurationPageDetails" time="4.680" classname="com.automation.RunnerClass_TestNG"/>
  <system-out/>
</testsuite> <!-- com.automation.RunnerClass_TestNG -->
