<?xml version="1.0" encoding="UTF-8"?>
<!-- Generated by org.testng.reporters.JUnitReportReporter -->
<testsuite skipped="0" hostname="DESKTOP-TKHS2O9" name="com.testng.Ignore" tests="5" failures="0" timestamp="2022-03-29T21:41:14 IST" time="0.025" errors="0">
  <testcase name="porscheCarreraGt" time="0.000" classname="com.testng.Ignore"/>
  <system-out/>
  <testcase name="honda" time="0.005" classname="com.testng.Ignore"/>
  <system-out/>
  <testcase name="nissanGtr" time="0.000" classname="com.testng.Ignore"/>
  <system-out/>
  <testcase name="eurofighterTyphoon" time="0.020" classname="com.testng.Ignore"/>
  <system-out/>
  <testcase name="subaru" time="0.000" classname="com.testng.Ignore"/>
  <system-out/>
</testsuite> <!-- com.testng.Ignore -->
