<?xml version="1.0" encoding="UTF-8"?>
<!-- Generated by org.testng.reporters.JUnitReportReporter -->
<testsuite skipped="0" hostname="DESKTOP-TKHS2O9" name="com.testng.GroupsOfGroups" tests="5" failures="0" timestamp="2022-04-01T07:27:25 IST" time="0.002" errors="0">
  <testcase name="eurofighterTyphoon" time="0.001" classname="com.testng.GroupsOfGroups"/>
  <system-out/>
  <testcase name="nissanGtr" time="0.000" classname="com.testng.GroupsOfGroups"/>
  <system-out/>
  <testcase name="porscheCarreraGt" time="0.000" classname="com.testng.GroupsOfGroups"/>
  <system-out/>
  <testcase name="toyotaCorolla" time="0.001" classname="com.testng.GroupsOfGroups"/>
  <system-out/>
  <testcase name="mazdaMiata" time="0.000" classname="com.testng.GroupsOfGroups"/>
  <system-out/>
</testsuite> <!-- com.testng.GroupsOfGroups -->
