<?xml version="1.0" encoding="UTF-8"?>
<!-- Generated by org.testng.reporters.JUnitReportReporter -->
<testsuite skipped="0" hostname="DESKTOP-TKHS2O9" name="com.testng.PriorityConcepts" tests="4" failures="0" timestamp="2022-04-01T07:27:25 IST" time="0.003" errors="0">
  <testcase name="bycycle" time="0.000" classname="com.testng.PriorityConcepts"/>
  <system-out/>
  <testcase name="motorCycle" time="0.001" classname="com.testng.PriorityConcepts"/>
  <system-out/>
  <testcase name="car" time="0.001" classname="com.testng.PriorityConcepts"/>
  <system-out/>
  <testcase name="sportsCar" time="0.001" classname="com.testng.PriorityConcepts"/>
  <system-out/>
</testsuite> <!-- com.testng.PriorityConcepts -->
