<?xml version="1.0" encoding="UTF-8"?>
<!-- Generated by org.testng.reporters.JUnitReportReporter -->
<testsuite skipped="1" hostname="DESKTOP-TKHS2O9" name="com.testng.Ignoreee" tests="4" failures="0" timestamp="2022-04-01T07:27:25 IST" time="0.001" errors="0">
  <testcase name="nissanGtr" time="0.000" classname="com.testng.Ignoreee"/>
  <system-out/>
  <testcase name="porscheCarreraGt" time="0.000" classname="com.testng.Ignoreee"/>
  <system-out/>
  <testcase name="mazdaMiata" time="0.001" classname="com.testng.Ignoreee"/>
  <system-out/>
  <testcase name="eurofighterTyphoon" classname="com.testng.Ignoreee">
    <skipped/>
  </testcase> <!-- eurofighterTyphoon -->
  <system-out/>
</testsuite> <!-- com.testng.Ignoreee -->
