<?xml version="1.0" encoding="UTF-8"?>
<!-- Generated by org.testng.reporters.JUnitReportReporter -->
<testsuite skipped="0" hostname="DESKTOP-TKHS2O9" name="com.testng.InvocationCount" tests="5" failures="0" timestamp="2022-04-01T07:27:25 IST" time="0.002" errors="0">
  <testcase name="golfGt" time="0.001" classname="com.testng.InvocationCount"/>
  <system-out/>
  <testcase name="golfGt" time="0.000" classname="com.testng.InvocationCount"/>
  <system-out/>
  <testcase name="golfGt" time="0.000" classname="com.testng.InvocationCount"/>
  <system-out/>
  <testcase name="rx8" time="0.000" classname="com.testng.InvocationCount"/>
  <system-out/>
  <testcase name="m4" time="0.001" classname="com.testng.InvocationCount"/>
  <system-out/>
</testsuite> <!-- com.testng.InvocationCount -->
