<?xml version="1.0" encoding="UTF-8"?>
<!-- Generated by org.testng.reporters.JUnitReportReporter -->
<testsuite skipped="0" hostname="DESKTOP-TKHS2O9" name="com.testng.TimeOutTest" tests="1" failures="0" timestamp="2022-04-01T07:27:24 IST" time="8.039" errors="0">
  <testcase name="browserExecution" time="8.039" classname="com.testng.TimeOutTest"/>
  <system-out/>
</testsuite> <!-- com.testng.TimeOutTest -->
