<?xml version="1.0" encoding="UTF-8"?>
<!-- Generated by org.testng.reporters.JUnitReportReporter -->
<testsuite skipped="0" hostname="DESKTOP-TKHS2O9" name="com.testng.TestNG_Sample" tests="2" failures="0" timestamp="2022-03-28T14:53:01 IST" time="0.007" errors="0">
  <testcase name="women" time="0.000" classname="com.testng.TestNG_Sample"/>
  <system-out/>
  <testcase name="children" time="0.007" classname="com.testng.TestNG_Sample"/>
  <system-out/>
</testsuite> <!-- com.testng.TestNG_Sample -->
