<?xml version="1.0" encoding="UTF-8"?>
<!-- Generated by org.testng.reporters.JUnitReportReporter -->
<testsuite skipped="0" hostname="DESKTOP-TKHS2O9" name="com.testng.PriorityyyConcepts" tests="4" failures="0" timestamp="2022-03-29T21:26:08 IST" time="0.018" errors="0">
  <testcase name="bycycle" time="0.015" classname="com.testng.PriorityyyConcepts"/>
  <system-out/>
  <testcase name="motorCycle" time="0.000" classname="com.testng.PriorityyyConcepts"/>
  <system-out/>
  <testcase name="car" time="0.002" classname="com.testng.PriorityyyConcepts"/>
  <system-out/>
  <testcase name="sportsCar" time="0.001" classname="com.testng.PriorityyyConcepts"/>
  <system-out/>
</testsuite> <!-- com.testng.PriorityyyConcepts -->
