<?xml version="1.0" encoding="UTF-8"?>
<!-- Generated by org.testng.reporters.JUnitReportReporter -->
<testsuite skipped="0" hostname="DESKTOP-TKHS2O9" name="com.testng.ParallelTesting" tests="2" failures="0" timestamp="2022-04-01T12:14:05 IST" time="0.034" errors="0">
  <testcase name="userName" time="0.017" classname="com.testng.ParallelTesting"/>
  <system-out/>
  <testcase name="password" time="0.017" classname="com.testng.ParallelTesting"/>
  <system-out/>
</testsuite> <!-- com.testng.ParallelTesting -->
